This is pdfTeX, Version 3.141592653-2.6-1.40.25 (TeX Live 2023/Debian) (preloaded format=pdflatex 2024.6.29)  12 JAN 2026 22:45
entering extended mode
 restricted \write18 enabled.
 %&-line parsing enabled.
**operators-Hooke-weak-form.tex
(./operators-Hooke-weak-form.tex
LaTeX2e <2023-11-01> patch level 1
L3 programming layer <2024-01-22>
(/usr/share/texlive/texmf-dist/tex/latex/base/article.cls
Document Class: article 2023/05/17 v1.4n Standard LaTeX document class
(/usr/share/texlive/texmf-dist/tex/latex/base/size12.clo
File: size12.clo 2023/05/17 v1.4n Standard LaTeX file (size option)
)
\c@part=\count187
\c@section=\count188
\c@subsection=\count189
\c@subsubsection=\count190
\c@paragraph=\count191
\c@subparagraph=\count192
\c@figure=\count193
\c@table=\count194
\abovecaptionskip=\skip48
\belowcaptionskip=\skip49
\bibindent=\dimen140
)
(/usr/share/texlive/texmf-dist/tex/latex/l3backend/l3backend-pdftex.def
File: l3backend-pdftex.def 2024-01-04 L3 backend support: PDF output (pdfTeX)
\l__color_backend_stack_int=\count195
\l__pdf_internal_box=\box51
)
(./operators-Hooke-weak-form.aux)
\openout1 = `operators-Hooke-weak-form.aux'.

LaTeX Font Info:    Checking defaults for OML/cmm/m/it on input line 3.
LaTeX Font Info:    ... okay on input line 3.
LaTeX Font Info:    Checking defaults for OMS/cmsy/m/n on input line 3.
LaTeX Font Info:    ... okay on input line 3.
LaTeX Font Info:    Checking defaults for OT1/cmr/m/n on input line 3.
LaTeX Font Info:    ... okay on input line 3.
LaTeX Font Info:    Checking defaults for T1/cmr/m/n on input line 3.
LaTeX Font Info:    ... okay on input line 3.
LaTeX Font Info:    Checking defaults for TS1/cmr/m/n on input line 3.
LaTeX Font Info:    ... okay on input line 3.
LaTeX Font Info:    Checking defaults for OMX/cmex/m/n on input line 3.
LaTeX Font Info:    ... okay on input line 3.
LaTeX Font Info:    Checking defaults for U/cmr/m/n on input line 3.
LaTeX Font Info:    ... okay on input line 3.
LaTeX Font Info:    External font `cmex10' loaded for size
(Font)              <12> on input line 7.
LaTeX Font Info:    External font `cmex10' loaded for size
(Font)              <8> on input line 7.
LaTeX Font Info:    External font `cmex10' loaded for size
(Font)              <6> on input line 7.
 [1

{/var/lib/texmf/fonts/map/pdftex/updmap/pdftex.map}]
Overfull \hbox (55.982pt too wide) detected at line 140
\OT1/cmr/m/n/12 2\OML/cmm/m/it/12 ^^V [][] \OMS/cmsy/m/n/12 r\OT1/cmr/bx/n/12 u
 \OT1/cmr/m/n/12 : \OMS/cmsy/m/n/12 r\OT1/cmr/bx/n/12 v \OML/cmm/m/it/12 d\OT1/
cmr/m/n/12 
 + \OML/cmm/m/it/12 ^^U [][]\OT1/cmr/m/n/12 (\OMS/cmsy/m/n/12 r ^^A \OT1/cmr/bx
/n/12 u\OT1/cmr/m/n/12 )(\OMS/cmsy/m/n/12 r ^^A \OT1/cmr/bx/n/12 v\OT1/cmr/m/n/
12 ) \OML/cmm/m/it/12 d\OT1/cmr/m/n/12 
 \OMS/cmsy/m/n/12 ^^@ \OML/cmm/m/it/12 ^^V [][]\OT1/cmr/m/n/12 (\OMS/cmsy/m/n/1
2 r ^^B \OT1/cmr/bx/n/12 u\OT1/cmr/m/n/12 ) \OMS/cmsy/m/n/12 ^^A \OT1/cmr/m/n/1
2 (\OMS/cmsy/m/n/12 r ^^B \OT1/cmr/bx/n/12 v\OT1/cmr/m/n/12 ) \OML/cmm/m/it/12 
d\OT1/cmr/m/n/12 
 = [][] \OT1/cmr/bx/n/12 b \OMS/cmsy/m/n/12 ^^A \OT1/cmr/bx/n/12 v \OML/cmm/m/i
t/12 d\OT1/cmr/m/n/12 
 + [][] \OT1/cmr/bx/n/12 t[] \OMS/cmsy/m/n/12 ^^A \OT1/cmr/bx/n/12 v \OML/cmm/m
/it/12 d\OT1/cmr/m/n/12 ^^@
 []

[2] (./operators-Hooke-weak-form.aux)
 ***********
LaTeX2e <2023-11-01> patch level 1
L3 programming layer <2024-01-22>
 ***********
 ) 
Here is how much of TeX's memory you used:
 455 strings out of 475509
 8776 string characters out of 5776664
 1928975 words of memory out of 5000000
 22572 multiletter control sequences out of 15000+600000
 562338 words of font info for 50 fonts, out of 8000000 for 9000
 395 hyphenation exceptions out of 8191
 35i,6n,50p,146b,115s stack positions out of 10000i,1000n,20000p,200000b,200000s
</usr/share/texlive/texmf-dist/fonts/type1/public/amsfonts/cm/cmbx12.pfb></us
r/share/texlive/texmf-dist/fonts/type1/public/amsfonts/cm/cmex10.pfb></usr/shar
e/texlive/texmf-dist/fonts/type1/public/amsfonts/cm/cmmi12.pfb></usr/share/texl
ive/texmf-dist/fonts/type1/public/amsfonts/cm/cmmi6.pfb></usr/share/texlive/tex
mf-dist/fonts/type1/public/amsfonts/cm/cmmi8.pfb></usr/share/texlive/texmf-dist
/fonts/type1/public/amsfonts/cm/cmr12.pfb></usr/share/texlive/texmf-dist/fonts/
type1/public/amsfonts/cm/cmr8.pfb></usr/share/texlive/texmf-dist/fonts/type1/pu
blic/amsfonts/cm/cmsy10.pfb>
Output written on operators-Hooke-weak-form.pdf (2 pages, 87893 bytes).
PDF statistics:
 51 PDF objects out of 1000 (max. 8388607)
 30 compressed objects within 1 object stream
 0 named destinations out of 1000 (max. 500000)
 1 words of extra memory for PDF output out of 10000 (max. 10000000)

